<?xml version="1.0" encoding="UTF-8"?>
<!-- Generated by org.testng.reporters.JUnitReportReporter -->
<testsuite skipped="0" hostname="DESKTOP-JIF4SUI" name="com.test.LoginTest" tests="1" failures="0" timestamp="18 Jul 2020 12:30:00 GMT" time="28.184" errors="0">
  <testcase name="loginTest" time="28.184" classname="com.test.LoginTest"/>
</testsuite> <!-- com.test.LoginTest -->
