<?xml version="1.0" encoding="UTF-8"?>
<!-- Generated by org.testng.reporters.JUnitReportReporter -->
<testsuite skipped="0" hostname="DESKTOP-JIF4SUI" name="com.test.AddToCartTest" tests="1" failures="0" timestamp="18 Jul 2020 12:11:16 GMT" time="34.720" errors="0">
  <testcase name="addToCartTest" time="34.720" classname="com.test.AddToCartTest"/>
</testsuite> <!-- com.test.AddToCartTest -->
