<?xml version="1.0" encoding="UTF-8"?>
<!-- Generated by org.testng.reporters.JUnitReportReporter -->
<testsuite skipped="0" hostname="DESKTOP-JIF4SUI" name="com.test.SearchTest" tests="1" failures="0" timestamp="18 Jul 2020 12:11:16 GMT" time="16.307" errors="0">
  <testcase name="searchTest" time="16.307" classname="com.test.SearchTest"/>
</testsuite> <!-- com.test.SearchTest -->
